# JRE version: OpenJDK Runtime Environment Temurin-21.0.6+7 (21.0.6+7) (build 21.0.6+7-LTS)
# Java VM: OpenJDK 64-Bit Server VM Temurin-21.0.6+7 (21.0.6+7-LTS, mixed mode, sharing, tiered, compressed oops, compressed class ptrs, g1 gc, windows-amd64)
GC Precious Log:
 CardTable entry size: 512
 Card Set container configuration: InlinePtr #cards 5 size 8 Array Of Cards #cards 12 size 40 Howl #buckets 4 coarsen threshold 1843 Howl Bitmap #cards 512 size 80 coarsen threshold 460 Card regions per heap region 1 cards per card region 2048
 CPUs: 4 total, 4 available
 Memory: 3975M
 Large Page Support: Disabled
 NUMA Support: Disabled
 Compressed Oops: Enabled (32-bit)
 Heap Region Size: 1M
 Heap Min Capacity: 8M
 Heap Initial Capacity: 64M
 Heap Max Capacity: 768M
 Pre-touch: Disabled
 Parallel Workers: 4
 Concurrent Workers: 1
 Concurrent Refinement Workers: 4
 Periodic GC: Disabled
Heap:
 garbage-first heap   total 276480K, used 214608K [0x00000000d0000000, 0x0000000100000000)
  region size 1024K, 45 young (46080K), 7 survivors (7168K)
 Metaspace       used 120095K, committed 122688K, reserved 344064K
  class space    used 16437K, committed 17728K, reserved 212992K
GC Heap History (20 events):
Event: 172.063 GC heap before
{Heap before GC invocations=56 (full 0):
 garbage-first heap   total 217088K, used 177073K [0x00000000d0000000, 0x0000000100000000)
  region size 1024K, 51 young (52224K), 4 survivors (4096K)
 Metaspace       used 89999K, committed 92352K, reserved 344064K
  class space    used 12378K, committed 13568K, reserved 212992K
}
Event: 172.174 GC heap after
{Heap after GC invocations=57 (full 0):
 garbage-first heap   total 217088K, used 131072K [0x00000000d0000000, 0x0000000100000000)
  region size 1024K, 5 young (5120K), 5 survivors (5120K)
 Metaspace       used 89999K, committed 92352K, reserved 344064K
  class space    used 12378K, committed 13568K, reserved 212992K
}
Event: 213.647 GC heap before
{Heap before GC invocations=58 (full 0):
 garbage-first heap   total 217088K, used 207872K [0x00000000d0000000, 0x0000000100000000)
  region size 1024K, 72 young (73728K), 5 survivors (5120K)
 Metaspace       used 91796K, committed 94208K, reserved 344064K
  class space    used 12614K, committed 13824K, reserved 212992K
}
Event: 213.771 GC heap after
{Heap after GC invocations=59 (full 0):
 garbage-first heap   total 222208K, used 146946K [0x00000000d0000000, 0x0000000100000000)
  region size 1024K, 9 young (9216K), 9 survivors (9216K)
 Metaspace       used 91796K, committed 94208K, reserved 344064K
  class space    used 12614K, committed 13824K, reserved 212992K
}
Event: 215.275 GC heap before
{Heap before GC invocations=59 (full 0):
 garbage-first heap   total 222208K, used 200194K [0x00000000d0000000, 0x0000000100000000)
  region size 1024K, 61 young (62464K), 9 survivors (9216K)
 Metaspace       used 94113K, committed 96512K, reserved 344064K
  class space    used 12929K, committed 14144K, reserved 212992K
}
Event: 215.320 GC heap after
{Heap after GC invocations=60 (full 0):
 garbage-first heap   total 222208K, used 148898K [0x00000000d0000000, 0x0000000100000000)
  region size 1024K, 3 young (3072K), 3 survivors (3072K)
 Metaspace       used 94113K, committed 96512K, reserved 344064K
  class space    used 12929K, committed 14144K, reserved 212992K
}
Event: 215.664 GC heap before
{Heap before GC invocations=60 (full 0):
 garbage-first heap   total 222208K, used 164258K [0x00000000d0000000, 0x0000000100000000)
  region size 1024K, 19 young (19456K), 3 survivors (3072K)
 Metaspace       used 95232K, committed 97728K, reserved 344064K
  class space    used 13084K, committed 14336K, reserved 212992K
}
Event: 215.692 GC heap after
{Heap after GC invocations=61 (full 0):
 garbage-first heap   total 222208K, used 149211K [0x00000000d0000000, 0x0000000100000000)
  region size 1024K, 4 young (4096K), 4 survivors (4096K)
 Metaspace       used 95232K, committed 97728K, reserved 344064K
  class space    used 13084K, committed 14336K, reserved 212992K
}
Event: 218.998 GC heap before
{Heap before GC invocations=62 (full 0):
 garbage-first heap   total 252928K, used 204507K [0x00000000d0000000, 0x0000000100000000)
  region size 1024K, 57 young (58368K), 4 survivors (4096K)
 Metaspace       used 99050K, committed 101440K, reserved 344064K
  class space    used 13782K, committed 14976K, reserved 212992K
}
Event: 219.009 GC heap after
{Heap after GC invocations=63 (full 0):
 garbage-first heap   total 252928K, used 150946K [0x00000000d0000000, 0x0000000100000000)
  region size 1024K, 5 young (5120K), 5 survivors (5120K)
 Metaspace       used 99050K, committed 101440K, reserved 344064K
  class space    used 13782K, committed 14976K, reserved 212992K
}
Event: 224.990 GC heap before
{Heap before GC invocations=63 (full 0):
 garbage-first heap   total 252928K, used 233890K [0x00000000d0000000, 0x0000000100000000)
  region size 1024K, 86 young (88064K), 5 survivors (5120K)
 Metaspace       used 103317K, committed 105856K, reserved 344064K
  class space    used 14328K, committed 15616K, reserved 212992K
}
Event: 225.062 GC heap after
{Heap after GC invocations=64 (full 0):
 garbage-first heap   total 252928K, used 155962K [0x00000000d0000000, 0x0000000100000000)
  region size 1024K, 10 young (10240K), 10 survivors (10240K)
 Metaspace       used 103317K, committed 105856K, reserved 344064K
  class space    used 14328K, committed 15616K, reserved 212992K
}
Event: 230.090 GC heap before
{Heap before GC invocations=64 (full 0):
 garbage-first heap   total 252928K, used 228666K [0x00000000d0000000, 0x0000000100000000)
  region size 1024K, 81 young (82944K), 10 survivors (10240K)
 Metaspace       used 104806K, committed 107392K, reserved 344064K
  class space    used 14522K, committed 15808K, reserved 212992K
}
Event: 230.167 GC heap after
{Heap after GC invocations=65 (full 0):
 garbage-first heap   total 252928K, used 160143K [0x00000000d0000000, 0x0000000100000000)
  region size 1024K, 10 young (10240K), 10 survivors (10240K)
 Metaspace       used 104806K, committed 107392K, reserved 344064K
  class space    used 14522K, committed 15808K, reserved 212992K
}
Event: 232.146 GC heap before
{Heap before GC invocations=65 (full 0):
 garbage-first heap   total 252928K, used 216463K [0x00000000d0000000, 0x0000000100000000)
  region size 1024K, 66 young (67584K), 10 survivors (10240K)
 Metaspace       used 105228K, committed 107840K, reserved 344064K
  class space    used 14576K, committed 15872K, reserved 212992K
}
Event: 232.189 GC heap after
{Heap after GC invocations=66 (full 0):
 garbage-first heap   total 252928K, used 162938K [0x00000000d0000000, 0x0000000100000000)
  region size 1024K, 8 young (8192K), 8 survivors (8192K)
 Metaspace       used 105228K, committed 107840K, reserved 344064K
  class space    used 14576K, committed 15872K, reserved 212992K
}
Event: 246.386 GC heap before
{Heap before GC invocations=67 (full 0):
 garbage-first heap   total 276480K, used 233594K [0x00000000d0000000, 0x0000000100000000)
  region size 1024K, 73 young (74752K), 8 survivors (8192K)
 Metaspace       used 108934K, committed 111552K, reserved 344064K
  class space    used 15227K, committed 16512K, reserved 212992K
}
Event: 246.449 GC heap after
{Heap after GC invocations=68 (full 0):
 garbage-first heap   total 276480K, used 172340K [0x00000000d0000000, 0x0000000100000000)
  region size 1024K, 9 young (9216K), 9 survivors (9216K)
 Metaspace       used 108934K, committed 111552K, reserved 344064K
  class space    used 15227K, committed 16512K, reserved 212992K
}
Event: 254.098 GC heap before
{Heap before GC invocations=68 (full 0):
 garbage-first heap   total 276480K, used 250164K [0x00000000d0000000, 0x0000000100000000)
  region size 1024K, 86 young (88064K), 9 survivors (9216K)
 Metaspace       used 119158K, committed 121792K, reserved 344064K
  class space    used 16411K, committed 17728K, reserved 212992K
}
Event: 254.225 GC heap after
{Heap after GC invocations=69 (full 0):
 garbage-first heap   total 276480K, used 177744K [0x00000000d0000000, 0x0000000100000000)
  region size 1024K, 7 young (7168K), 7 survivors (7168K)
 Metaspace       used 119158K, committed 121792K, reserved 344064K
  class space    used 16411K, committed 17728K, reserved 212992K
}

