# JRE version: OpenJDK Runtime Environment Temurin-21.0.6+7 (21.0.6+7) (build 21.0.6+7-LTS)
# Java VM: OpenJDK 64-Bit Server VM Temurin-21.0.6+7 (21.0.6+7-LTS, mixed mode, sharing, tiered, compressed oops, compressed class ptrs, g1 gc, windows-amd64)
GC Precious Log:
 CardTable entry size: 512
 Card Set container configuration: InlinePtr #cards 4 size 8 Array Of Cards #cards 32 size 80 Howl #buckets 8 coarsen threshold 7372 Howl Bitmap #cards 1024 size 144 coarsen threshold 921 Card regions per heap region 1 cards per card region 8192
 CPUs: 4 total, 4 available
 Memory: 3975M
 Large Page Support: Disabled
 NUMA Support: Disabled
 Compressed Oops: Enabled (Zero based)
 Heap Region Size: 4M
 Heap Min Capacity: 8M
 Heap Initial Capacity: 64M
 Heap Max Capacity: 8G
 Pre-touch: Disabled
 Parallel Workers: 4
 Concurrent Workers: 1
 Concurrent Refinement Workers: 4
 Periodic GC: Disabled
Heap:
 garbage-first heap   total 1224704K, used 276052K [0x0000000600000000, 0x0000000800000000)
  region size 4096K, 1 young (4096K), 1 survivors (4096K)
 Metaspace       used 182109K, committed 185152K, reserved 1245184K
  class space    used 23597K, committed 25088K, reserved 1048576K
GC Heap History (20 events):
Event: 419.988 GC heap after
{Heap after GC invocations=81 (full 0):
 garbage-first heap   total 1224704K, used 237625K [0x0000000600000000, 0x0000000800000000)
  region size 4096K, 2 young (8192K), 2 survivors (8192K)
 Metaspace       used 181153K, committed 184256K, reserved 1245184K
  class space    used 23497K, committed 25024K, reserved 1048576K
}
Event: 447.068 GC heap before
{Heap before GC invocations=81 (full 0):
 garbage-first heap   total 1224704K, used 286777K [0x0000000600000000, 0x0000000800000000)
  region size 4096K, 14 young (57344K), 2 survivors (8192K)
 Metaspace       used 181195K, committed 184256K, reserved 1245184K
  class space    used 23497K, committed 25024K, reserved 1048576K
}
Event: 447.100 GC heap after
{Heap after GC invocations=82 (full 0):
 garbage-first heap   total 1224704K, used 237715K [0x0000000600000000, 0x0000000800000000)
  region size 4096K, 1 young (4096K), 1 survivors (4096K)
 Metaspace       used 181195K, committed 184256K, reserved 1245184K
  class space    used 23497K, committed 25024K, reserved 1048576K
}
Event: 478.011 GC heap before
{Heap before GC invocations=82 (full 0):
 garbage-first heap   total 1224704K, used 348307K [0x0000000600000000, 0x0000000800000000)
  region size 4096K, 29 young (118784K), 1 survivors (4096K)
 Metaspace       used 181455K, committed 184512K, reserved 1245184K
  class space    used 23538K, committed 25024K, reserved 1048576K
}
Event: 478.197 GC heap after
{Heap after GC invocations=83 (full 0):
 garbage-first heap   total 1224704K, used 242887K [0x0000000600000000, 0x0000000800000000)
  region size 4096K, 3 young (12288K), 3 survivors (12288K)
 Metaspace       used 181455K, committed 184512K, reserved 1245184K
  class space    used 23538K, committed 25024K, reserved 1048576K
}
Event: 481.636 GC heap before
{Heap before GC invocations=83 (full 0):
 garbage-first heap   total 1224704K, used 283847K [0x0000000600000000, 0x0000000800000000)
  region size 4096K, 14 young (57344K), 3 survivors (12288K)
 Metaspace       used 181459K, committed 184512K, reserved 1245184K
  class space    used 23538K, committed 25024K, reserved 1048576K
}
Event: 481.689 GC heap after
{Heap after GC invocations=84 (full 0):
 garbage-first heap   total 1224704K, used 244622K [0x0000000600000000, 0x0000000800000000)
  region size 4096K, 1 young (4096K), 1 survivors (4096K)
 Metaspace       used 181459K, committed 184512K, reserved 1245184K
  class space    used 23538K, committed 25024K, reserved 1048576K
}
Event: 491.923 GC heap before
{Heap before GC invocations=84 (full 0):
 garbage-first heap   total 1224704K, used 535438K [0x0000000600000000, 0x0000000800000000)
  region size 4096K, 73 young (299008K), 1 survivors (4096K)
 Metaspace       used 181492K, committed 184576K, reserved 1245184K
  class space    used 23539K, committed 25088K, reserved 1048576K
}
Event: 492.082 GC heap after
{Heap after GC invocations=85 (full 0):
 garbage-first heap   total 1224704K, used 252184K [0x0000000600000000, 0x0000000800000000)
  region size 4096K, 3 young (12288K), 3 survivors (12288K)
 Metaspace       used 181492K, committed 184576K, reserved 1245184K
  class space    used 23539K, committed 25088K, reserved 1048576K
}
Event: 496.386 GC heap before
{Heap before GC invocations=85 (full 0):
 garbage-first heap   total 1224704K, used 334104K [0x0000000600000000, 0x0000000800000000)
  region size 4096K, 23 young (94208K), 3 survivors (12288K)
 Metaspace       used 181535K, committed 184640K, reserved 1245184K
  class space    used 23546K, committed 25088K, reserved 1048576K
}
Event: 496.497 GC heap after
{Heap after GC invocations=86 (full 0):
 garbage-first heap   total 1224704K, used 260332K [0x0000000600000000, 0x0000000800000000)
  region size 4096K, 3 young (12288K), 3 survivors (12288K)
 Metaspace       used 181535K, committed 184640K, reserved 1245184K
  class space    used 23546K, committed 25088K, reserved 1048576K
}
Event: 505.580 GC heap before
{Heap before GC invocations=86 (full 0):
 garbage-first heap   total 1224704K, used 358636K [0x0000000600000000, 0x0000000800000000)
  region size 4096K, 28 young (114688K), 3 survivors (12288K)
 Metaspace       used 182064K, committed 185088K, reserved 1245184K
  class space    used 23597K, committed 25088K, reserved 1048576K
}
Event: 505.865 GC heap after
{Heap after GC invocations=87 (full 0):
 garbage-first heap   total 1224704K, used 273635K [0x0000000600000000, 0x0000000800000000)
  region size 4096K, 4 young (16384K), 4 survivors (16384K)
 Metaspace       used 182064K, committed 185088K, reserved 1245184K
  class space    used 23597K, committed 25088K, reserved 1048576K
}
Event: 509.309 GC heap before
{Heap before GC invocations=87 (full 0):
 garbage-first heap   total 1224704K, used 314595K [0x0000000600000000, 0x0000000800000000)
  region size 4096K, 14 young (57344K), 4 survivors (16384K)
 Metaspace       used 182076K, committed 185088K, reserved 1245184K
  class space    used 23597K, committed 25088K, reserved 1048576K
}
Event: 511.058 GC heap after
{Heap after GC invocations=88 (full 0):
 garbage-first heap   total 1224704K, used 276991K [0x0000000600000000, 0x0000000800000000)
  region size 4096K, 1 young (4096K), 1 survivors (4096K)
 Metaspace       used 182076K, committed 185088K, reserved 1245184K
  class space    used 23597K, committed 25088K, reserved 1048576K
}
Event: 512.519 GC heap before
{Heap before GC invocations=88 (full 0):
 garbage-first heap   total 1224704K, used 330239K [0x0000000600000000, 0x0000000800000000)
  region size 4096K, 14 young (57344K), 1 survivors (4096K)
 Metaspace       used 182091K, committed 185088K, reserved 1245184K
  class space    used 23597K, committed 25088K, reserved 1048576K
}
Event: 512.525 GC heap after
{Heap after GC invocations=89 (full 0):
 garbage-first heap   total 1224704K, used 276076K [0x0000000600000000, 0x0000000800000000)
  region size 4096K, 1 young (4096K), 1 survivors (4096K)
 Metaspace       used 182091K, committed 185088K, reserved 1245184K
  class space    used 23597K, committed 25088K, reserved 1048576K
}
Event: 512.996 GC heap before
{Heap before GC invocations=89 (full 0):
 garbage-first heap   total 1224704K, used 329324K [0x0000000600000000, 0x0000000800000000)
  region size 4096K, 14 young (57344K), 1 survivors (4096K)
 Metaspace       used 182102K, committed 185088K, reserved 1245184K
  class space    used 23597K, committed 25088K, reserved 1048576K
}
Event: 513.053 GC heap after
{Heap after GC invocations=90 (full 0):
 garbage-first heap   total 1224704K, used 276415K [0x0000000600000000, 0x0000000800000000)
  region size 4096K, 1 young (4096K), 1 survivors (4096K)
 Metaspace       used 182102K, committed 185088K, reserved 1245184K
  class space    used 23597K, committed 25088K, reserved 1048576K
}
Event: 513.414 GC heap before
{Heap before GC invocations=90 (full 0):
 garbage-first heap   total 1224704K, used 333759K [0x0000000600000000, 0x0000000800000000)
  region size 4096K, 16 young (65536K), 1 survivors (4096K)
 Metaspace       used 182109K, committed 185152K, reserved 1245184K
  class space    used 23597K, committed 25088K, reserved 1048576K
}

