# JRE version: OpenJDK Runtime Environment Temurin-21.0.6+7 (21.0.6+7) (build 21.0.6+7-LTS)
# Java VM: OpenJDK 64-Bit Server VM Temurin-21.0.6+7 (21.0.6+7-LTS, mixed mode, sharing, tiered, compressed oops, compressed class ptrs, g1 gc, windows-amd64)
GC Precious Log:
 CardTable entry size: 512
 Card Set container configuration: InlinePtr #cards 4 size 8 Array Of Cards #cards 32 size 80 Howl #buckets 8 coarsen threshold 7372 Howl Bitmap #cards 1024 size 144 coarsen threshold 921 Card regions per heap region 1 cards per card region 8192
 CPUs: 4 total, 4 available
 Memory: 3975M
 Large Page Support: Disabled
 NUMA Support: Disabled
 Compressed Oops: Enabled (Zero based)
 Heap Region Size: 4M
 Heap Min Capacity: 8M
 Heap Initial Capacity: 64M
 Heap Max Capacity: 8G
 Pre-touch: Disabled
 Parallel Workers: 4
 Concurrent Workers: 1
 Concurrent Refinement Workers: 4
 Periodic GC: Disabled
Heap:
 garbage-first heap   total 700416K, used 273141K [0x0000000600000000, 0x0000000800000000)
  region size 4096K, 1 young (4096K), 1 survivors (4096K)
 Metaspace       used 177261K, committed 180352K, reserved 1245184K
  class space    used 23007K, committed 24512K, reserved 1048576K
GC Heap History (20 events):
Event: 84.938 GC heap after
{Heap after GC invocations=66 (full 0):
 garbage-first heap   total 466944K, used 248578K [0x0000000600000000, 0x0000000800000000)
  region size 4096K, 4 young (16384K), 4 survivors (16384K)
 Metaspace       used 162439K, committed 165440K, reserved 1245184K
  class space    used 21156K, committed 22656K, reserved 1048576K
}
Event: 85.506 GC heap before
{Heap before GC invocations=66 (full 0):
 garbage-first heap   total 466944K, used 416514K [0x0000000600000000, 0x0000000800000000)
  region size 4096K, 45 young (184320K), 4 survivors (16384K)
 Metaspace       used 162440K, committed 165440K, reserved 1245184K
  class space    used 21156K, committed 22656K, reserved 1048576K
}
Event: 85.528 GC heap after
{Heap after GC invocations=67 (full 0):
 garbage-first heap   total 466944K, used 242079K [0x0000000600000000, 0x0000000800000000)
  region size 4096K, 2 young (8192K), 2 survivors (8192K)
 Metaspace       used 162440K, committed 165440K, reserved 1245184K
  class space    used 21156K, committed 22656K, reserved 1048576K
}
Event: 87.322 GC heap before
{Heap before GC invocations=67 (full 0):
 garbage-first heap   total 466944K, used 426399K [0x0000000600000000, 0x0000000800000000)
  region size 4096K, 47 young (192512K), 2 survivors (8192K)
 Metaspace       used 162455K, committed 165440K, reserved 1245184K
  class space    used 21156K, committed 22656K, reserved 1048576K
}
Event: 87.338 GC heap after
{Heap after GC invocations=68 (full 0):
 garbage-first heap   total 700416K, used 243650K [0x0000000600000000, 0x0000000800000000)
  region size 4096K, 3 young (12288K), 3 survivors (12288K)
 Metaspace       used 162455K, committed 165440K, reserved 1245184K
  class space    used 21156K, committed 22656K, reserved 1048576K
}
Event: 95.039 GC heap before
{Heap before GC invocations=69 (full 0):
 garbage-first heap   total 700416K, used 640962K [0x0000000600000000, 0x0000000800000000)
  region size 4096K, 100 young (409600K), 3 survivors (12288K)
 Metaspace       used 162509K, committed 165504K, reserved 1245184K
  class space    used 21159K, committed 22656K, reserved 1048576K
}
Event: 95.150 GC heap after
{Heap after GC invocations=70 (full 0):
 garbage-first heap   total 700416K, used 245205K [0x0000000600000000, 0x0000000800000000)
  region size 4096K, 3 young (12288K), 3 survivors (12288K)
 Metaspace       used 162509K, committed 165504K, reserved 1245184K
  class space    used 21159K, committed 22656K, reserved 1048576K
}
Event: 108.945 GC heap before
{Heap before GC invocations=70 (full 0):
 garbage-first heap   total 700416K, used 642517K [0x0000000600000000, 0x0000000800000000)
  region size 4096K, 100 young (409600K), 3 survivors (12288K)
 Metaspace       used 162640K, committed 165632K, reserved 1245184K
  class space    used 21161K, committed 22656K, reserved 1048576K
}
Event: 109.097 GC heap after
{Heap after GC invocations=71 (full 0):
 garbage-first heap   total 700416K, used 239904K [0x0000000600000000, 0x0000000800000000)
  region size 4096K, 3 young (12288K), 3 survivors (12288K)
 Metaspace       used 162640K, committed 165632K, reserved 1245184K
  class space    used 21161K, committed 22656K, reserved 1048576K
}
Event: 114.435 GC heap before
{Heap before GC invocations=71 (full 0):
 garbage-first heap   total 700416K, used 641312K [0x0000000600000000, 0x0000000800000000)
  region size 4096K, 102 young (417792K), 3 survivors (12288K)
 Metaspace       used 162712K, committed 165696K, reserved 1245184K
  class space    used 21168K, committed 22656K, reserved 1048576K
}
Event: 114.473 GC heap after
{Heap after GC invocations=72 (full 0):
 garbage-first heap   total 700416K, used 241360K [0x0000000600000000, 0x0000000800000000)
  region size 4096K, 4 young (16384K), 4 survivors (16384K)
 Metaspace       used 162712K, committed 165696K, reserved 1245184K
  class space    used 21168K, committed 22656K, reserved 1048576K
}
Event: 121.116 GC heap before
{Heap before GC invocations=72 (full 0):
 garbage-first heap   total 700416K, used 638672K [0x0000000600000000, 0x0000000800000000)
  region size 4096K, 101 young (413696K), 4 survivors (16384K)
 Metaspace       used 168954K, committed 171968K, reserved 1245184K
  class space    used 22122K, committed 23616K, reserved 1048576K
}
Event: 121.201 GC heap after
{Heap after GC invocations=73 (full 0):
 garbage-first heap   total 700416K, used 252228K [0x0000000600000000, 0x0000000800000000)
  region size 4096K, 6 young (24576K), 6 survivors (24576K)
 Metaspace       used 168954K, committed 171968K, reserved 1245184K
  class space    used 22122K, committed 23616K, reserved 1048576K
}
Event: 201.805 GC heap before
{Heap before GC invocations=74 (full 0):
 garbage-first heap   total 700416K, used 633156K [0x0000000600000000, 0x0000000800000000)
  region size 4096K, 99 young (405504K), 6 survivors (24576K)
 Metaspace       used 177239K, committed 180224K, reserved 1245184K
  class space    used 23006K, committed 24512K, reserved 1048576K
}
Event: 203.260 GC heap after
{Heap after GC invocations=75 (full 0):
 garbage-first heap   total 700416K, used 265805K [0x0000000600000000, 0x0000000800000000)
  region size 4096K, 10 young (40960K), 10 survivors (40960K)
 Metaspace       used 177239K, committed 180224K, reserved 1245184K
  class space    used 23006K, committed 24512K, reserved 1048576K
}
Event: 221.001 GC heap before
{Heap before GC invocations=75 (full 0):
 garbage-first heap   total 700416K, used 609869K [0x0000000600000000, 0x0000000800000000)
  region size 4096K, 95 young (389120K), 10 survivors (40960K)
 Metaspace       used 177261K, committed 180352K, reserved 1245184K
  class space    used 23007K, committed 24512K, reserved 1048576K
}
Event: 222.205 GC heap after
{Heap after GC invocations=76 (full 0):
 garbage-first heap   total 700416K, used 276105K [0x0000000600000000, 0x0000000800000000)
  region size 4096K, 10 young (40960K), 10 survivors (40960K)
 Metaspace       used 177261K, committed 180352K, reserved 1245184K
  class space    used 23007K, committed 24512K, reserved 1048576K
}
Event: 222.724 GC heap before
{Heap before GC invocations=76 (full 0):
 garbage-first heap   total 700416K, used 280201K [0x0000000600000000, 0x0000000800000000)
  region size 4096K, 11 young (45056K), 10 survivors (40960K)
 Metaspace       used 177261K, committed 180352K, reserved 1245184K
  class space    used 23007K, committed 24512K, reserved 1048576K
}
Event: 223.005 GC heap after
{Heap after GC invocations=77 (full 0):
 garbage-first heap   total 700416K, used 276826K [0x0000000600000000, 0x0000000800000000)
  region size 4096K, 2 young (8192K), 2 survivors (8192K)
 Metaspace       used 177261K, committed 180352K, reserved 1245184K
  class space    used 23007K, committed 24512K, reserved 1048576K
}
Event: 227.005 GC heap before
{Heap before GC invocations=77 (full 0):
 garbage-first heap   total 700416K, used 395610K [0x0000000600000000, 0x0000000800000000)
  region size 4096K, 32 young (131072K), 2 survivors (8192K)
 Metaspace       used 177261K, committed 180352K, reserved 1245184K
  class space    used 23007K, committed 24512K, reserved 1048576K
}

